<?xml version="1.0" encoding="UTF-8"?>
<!-- Generated by org.testng.reporters.JUnitReportReporter -->
<testsuite skipped="0" hostname="DESKTOP-E932GNO" name="py_login.login" tests="1" failures="0" timestamp="2020-03-30T11:41:46 IST" time="10.594" errors="0">
  <testcase name="login1" time="10.594" classname="py_login.login"/>
</testsuite> <!-- py_login.login -->
